<?xml version="1.0" encoding="UTF-8"?>
<!-- Generated by org.testng.reporters.JUnitReportReporter -->
<testsuite hostname="ebafededcabadabfabddddfabbcabddaddeb-0" failures="0" tests="2" name="TestCaseClasses.LoginTest" time="5.545" errors="0" timestamp="2023-07-03T08:17:23 UTC" skipped="0">
  <testcase classname="TestCaseClasses.LoginTest" name="AdminLoginWithInValidDetails" time="2.445"/>
  <system-out/>
  <testcase classname="TestCaseClasses.LoginTest" name="AdminLoginWithValidDetails" time="3.100"/>
  <system-out/>
</testsuite> <!-- TestCaseClasses.LoginTest -->
