<?xml version="1.0" encoding="UTF-8"?>
<!-- Generated by org.testng.reporters.JUnitReportReporter -->
<testsuite hostname="bedefccaddddfabbcabddaddeb-0" failures="0" tests="2" name="TestCaseClasses.LoginTest" time="3.945" errors="0" timestamp="2023-06-27T06:29:56 UTC" skipped="0">
  <testcase classname="TestCaseClasses.LoginTest" name="AdminLoginWithInValidDetails" time="1.649"/>
  <system-out/>
  <testcase classname="TestCaseClasses.LoginTest" name="AdminLoginWithValidDetails" time="2.296"/>
  <system-out/>
</testsuite> <!-- TestCaseClasses.LoginTest -->
