<?xml version="1.0" encoding="UTF-8"?>
<!-- Generated by org.testng.reporters.JUnitReportReporter -->
<testsuite hostname="ebafededcabadabfabddddfabbcabddaddeb-0" failures="0" tests="3" name="TestCaseClasses.ArtistTest" time="20.731" errors="0" timestamp="2023-07-03T08:17:23 UTC" skipped="0">
  <testcase classname="TestCaseClasses.ArtistTest" name="addArtistTest" time="6.455"/>
  <system-out/>
  <testcase classname="TestCaseClasses.ArtistTest" name="updateArtistTest" time="12.271"/>
  <system-out/>
  <testcase classname="TestCaseClasses.ArtistTest" name="deleteArtistTest" time="2.005"/>
  <system-out/>
</testsuite> <!-- TestCaseClasses.ArtistTest -->
