<?xml version="1.0" encoding="UTF-8"?>
<!-- Generated by org.testng.reporters.JUnitReportReporter -->
<testsuite hostname="ebafededcabadabfabddddfabbcabddaddeb-0" failures="0" tests="1" name="TestCaseClasses.LogoutTest" time="3.642" errors="0" timestamp="2023-07-03T08:17:23 UTC" skipped="0">
  <testcase classname="TestCaseClasses.LogoutTest" name="AdminLogout" time="3.642"/>
  <system-out/>
</testsuite> <!-- TestCaseClasses.LogoutTest -->
